<?xml version="1.0" encoding="UTF-8"?>
<testsuite xmlns:xsi="http://www.w3.org/2001/XMLSchema-instance" xsi:noNamespaceSchemaLocation="https://maven.apache.org/surefire/maven-surefire-plugin/xsd/surefire-test-report-3.0.xsd" version="3.0" name="naturalnumberinterpreter.BasePhoneValidatorTest" time="0.044" tests="24" errors="0" skipped="0" failures="0">
  <properties>
[...]
</properties>
  <testcase name="validInternationalCellphoneTest" classname="naturalnumberinterpreter.BasePhoneValidatorTest" time="0.007"/>
  <testcase name="invalidCellphoneNumberTest(String)[1]" classname="naturalnumberinterpreter.BasePhoneValidatorTest" time="0.006"/>
  <testcase name="invalidCellphoneNumberTest(String)[2]" classname="naturalnumberinterpreter.BasePhoneValidatorTest" time="0.0"/>
  <testcase name="invalidCellphoneNumberTest(String)[3]" classname="naturalnumberinterpreter.BasePhoneValidatorTest" time="0.0"/>
  <testcase name="invalidCellphoneNumberTest(String)[4]" classname="naturalnumberinterpreter.BasePhoneValidatorTest" time="0.0"/>
  <testcase name="invalidCellphoneNumberTest(String)[5]" classname="naturalnumberinterpreter.BasePhoneValidatorTest" time="0.0"/>
  <testcase name="invalidCellphoneNumberTest(String)[6]" classname="naturalnumberinterpreter.BasePhoneValidatorTest" time="0.001"/>
  <testcase name="invalidCellphoneNumberTest(String)[7]" classname="naturalnumberinterpreter.BasePhoneValidatorTest" time="0.001"/>
  <testcase name="invalidCellphoneNumberTest(String)[8]" classname="naturalnumberinterpreter.BasePhoneValidatorTest" time="0.0"/>
  <testcase name="invalidCellphoneNumberTest(String)[9]" classname="naturalnumberinterpreter.BasePhoneValidatorTest" time="0.0"/>
  <testcase name="invalidCellphoneNumberTest(String)[10]" classname="naturalnumberinterpreter.BasePhoneValidatorTest" time="0.001"/>
  <testcase name="invalidLandlineNumberTest(String)[1]" classname="naturalnumberinterpreter.BasePhoneValidatorTest" time="0.0"/>
  <testcase name="invalidLandlineNumberTest(String)[2]" classname="naturalnumberinterpreter.BasePhoneValidatorTest" time="0.001"/>
  <testcase name="invalidLandlineNumberTest(String)[3]" classname="naturalnumberinterpreter.BasePhoneValidatorTest" time="0.0"/>
  <testcase name="invalidLandlineNumberTest(String)[4]" classname="naturalnumberinterpreter.BasePhoneValidatorTest" time="0.0"/>
  <testcase name="invalidLandlineNumberTest(String)[5]" classname="naturalnumberinterpreter.BasePhoneValidatorTest" time="0.0"/>
  <testcase name="invalidLandlineNumberTest(String)[6]" classname="naturalnumberinterpreter.BasePhoneValidatorTest" time="0.0"/>
  <testcase name="invalidLandlineNumberTest(String)[7]" classname="naturalnumberinterpreter.BasePhoneValidatorTest" time="0.0"/>
  <testcase name="invalidLandlineNumberTest(String)[8]" classname="naturalnumberinterpreter.BasePhoneValidatorTest" time="0.001"/>
  <testcase name="invalidLandlineNumberTest(String)[9]" classname="naturalnumberinterpreter.BasePhoneValidatorTest" time="0.0"/>
  <testcase name="invalidLandlineNumberTest(String)[10]" classname="naturalnumberinterpreter.BasePhoneValidatorTest" time="0.0"/>
  <testcase name="validLocalCellphoneTest" classname="naturalnumberinterpreter.BasePhoneValidatorTest" time="0.0"/>
  <testcase name="validInternationalLandlineTest" classname="naturalnumberinterpreter.BasePhoneValidatorTest" time="0.0"/>
  <testcase name="validLocalLandlineTest" classname="naturalnumberinterpreter.BasePhoneValidatorTest" time="0.0"/>
</testsuite>