<?xml version="1.0" encoding="UTF-8"?>
<testsuite xmlns:xsi="http://www.w3.org/2001/XMLSchema-instance" xsi:noNamespaceSchemaLocation="https://maven.apache.org/surefire/maven-surefire-plugin/xsd/surefire-test-report-3.0.xsd" version="3.0" name="naturalnumberinterpreter.AmbiguityInterpreterTest" time="0.009" tests="3" errors="0" skipped="0" failures="0">
  <properties>
[...]
</properties>
  <testcase name="multipleValidInterpretationsTest" classname="naturalnumberinterpreter.AmbiguityInterpreterTest" time="0.002">
    <system-out><![CDATA[Exploring: [2, 10, 69, 30, 6, 6, 4]
Exploring: [2, 10, 69, 30, 6, 64]
Exploring: [2, 10, 69, 30, 66, 4]
Exploring: [2, 10, 69, 306, 6, 4]
Exploring: [2, 10, 69, 306, 64]
Exploring: [2, 10, 69, 36, 6, 4]
Exploring: [2, 10, 69, 36, 64]
Exploring: [2, 10, 60, 9, 30, 6, 6, 4]
Exploring: [2, 10, 60, 9, 30, 6, 64]
Exploring: [2, 10, 60, 9, 30, 66, 4]
Exploring: [2, 10, 60, 9, 306, 6, 4]
Exploring: [2, 10, 60, 9, 306, 64]
Exploring: [2, 10, 60, 9, 36, 6, 4]
Exploring: [2, 10, 60, 9, 36, 64]
Exploring: [2, 10, 99, 6, 6, 4]
Exploring: [2, 10, 99, 6, 64]
Exploring: [2, 10, 99, 66, 4]
Exploring: [2, 79, 30, 6, 6, 4]
Exploring: [2, 79, 30, 6, 64]
Exploring: [2, 79, 30, 66, 4]
Exploring: [2, 79, 306, 6, 4]
Exploring: [2, 79, 306, 64]
Exploring: [2, 79, 36, 6, 4]
Exploring: [2, 79, 36, 64]
Exploring: [210, 69, 30, 6, 6, 4]
Exploring: [210, 69, 30, 6, 64]
Exploring: [210, 69, 30, 66, 4]
Exploring: [210, 69, 306, 6, 4]
Exploring: [210, 69, 306, 64]
Exploring: [210, 69, 36, 6, 4]
Exploring: [210, 69, 36, 64]
Exploring: [210, 60, 9, 30, 6, 6, 4]
Exploring: [210, 60, 9, 30, 6, 64]
Exploring: [210, 60, 9, 30, 66, 4]
Exploring: [210, 60, 9, 306, 6, 4]
Exploring: [210, 60, 9, 306, 64]
Exploring: [210, 60, 9, 36, 6, 4]
Exploring: [210, 60, 9, 36, 64]
Exploring: [210, 99, 6, 6, 4]
Exploring: [210, 99, 6, 64]
Exploring: [210, 99, 66, 4]
Generated interpretations: [2106930664, 210693664, 21060930664, 2106093664, 21099664, 27930664, 2793664]
]]></system-out>
  </testcase>
  <testcase name="singleValidInterpretationTest" classname="naturalnumberinterpreter.AmbiguityInterpreterTest" time="0.001">
    <system-out><![CDATA[Exploring: [2, 10, 6, 9, 30, 6, 6, 4]
Exploring: [2, 10, 6, 9, 30, 6, 64]
Exploring: [2, 10, 6, 9, 30, 66, 4]
Exploring: [2, 10, 6, 9, 306, 6, 4]
Exploring: [2, 10, 6, 9, 306, 64]
Exploring: [2, 10, 6, 9, 36, 6, 4]
Exploring: [2, 10, 6, 9, 36, 64]
Exploring: [2, 10, 6, 930, 6, 6, 4]
Exploring: [2, 10, 6, 930, 6, 64]
Exploring: [2, 10, 6, 930, 66, 4]
Exploring: [2, 10, 6, 39, 6, 6, 4]
Exploring: [2, 10, 6, 39, 6, 64]
Exploring: [2, 10, 6, 39, 66, 4]
Exploring: [2, 10, 69, 30, 6, 6, 4]
Exploring: [2, 10, 69, 30, 6, 64]
Exploring: [2, 10, 69, 30, 66, 4]
Exploring: [2, 10, 69, 306, 6, 4]
Exploring: [2, 10, 69, 306, 64]
Exploring: [2, 10, 69, 36, 6, 4]
Exploring: [2, 10, 69, 36, 64]
Exploring: [2, 106, 9, 30, 6, 6, 4]
Exploring: [2, 106, 9, 30, 6, 64]
Exploring: [2, 106, 9, 30, 66, 4]
Exploring: [2, 106, 9, 306, 6, 4]
Exploring: [2, 106, 9, 306, 64]
Exploring: [2, 106, 9, 36, 6, 4]
Exploring: [2, 106, 9, 36, 64]
Exploring: [2, 106, 930, 6, 6, 4]
Exploring: [2, 106, 930, 6, 64]
Exploring: [2, 106, 930, 66, 4]
Exploring: [2, 106, 39, 6, 6, 4]
Exploring: [2, 106, 39, 6, 64]
Exploring: [2, 106, 39, 66, 4]
Exploring: [210, 6, 9, 30, 6, 6, 4]
Exploring: [210, 6, 9, 30, 6, 64]
Exploring: [210, 6, 9, 30, 66, 4]
Exploring: [210, 6, 9, 306, 6, 4]
Exploring: [210, 6, 9, 306, 64]
Exploring: [210, 6, 9, 36, 6, 4]
Exploring: [210, 6, 9, 36, 64]
Exploring: [210, 6, 930, 6, 6, 4]
Exploring: [210, 6, 930, 6, 64]
Exploring: [210, 6, 930, 66, 4]
Exploring: [210, 6, 39, 6, 6, 4]
Exploring: [210, 6, 39, 6, 64]
Exploring: [210, 6, 39, 66, 4]
Exploring: [210, 69, 30, 6, 6, 4]
Exploring: [210, 69, 30, 6, 64]
Exploring: [210, 69, 30, 66, 4]
Exploring: [210, 69, 306, 6, 4]
Exploring: [210, 69, 306, 64]
Exploring: [210, 69, 36, 6, 4]
Exploring: [210, 69, 36, 64]
Generated interpretations: [2106930664, 210693664, 210639664]
]]></system-out>
  </testcase>
  <testcase name="validAndInvalidInterpretationComplexTest" classname="naturalnumberinterpreter.AmbiguityInterpreterTest" time="0.005">
    <system-out><![CDATA[Exploring: [0, 0, 30, 69, 700, 25, 3, 52]
Exploring: [0, 0, 30, 69, 700, 25, 53, 2]
Exploring: [0, 0, 30, 69, 724, 1, 3, 50, 2]
Exploring: [0, 0, 30, 69, 724, 1, 3, 502]
Exploring: [0, 0, 30, 69, 724, 1, 3, 52]
Exploring: [0, 0, 30, 69, 724, 1, 350, 2]
Exploring: [0, 0, 30, 69, 724, 1, 53, 2]
Exploring: [0, 0, 30, 69, 724, 13, 50, 2]
Exploring: [0, 0, 30, 69, 724, 13, 502]
Exploring: [0, 0, 30, 69, 724, 13, 52]
Exploring: [0, 0, 30, 60, 9, 724, 1, 3, 52]
Exploring: [0, 0, 30, 60, 9, 724, 1, 53, 2]
Exploring: [0, 0, 30, 60, 9, 724, 13, 52]
Exploring: [0, 0, 99, 700, 24, 1, 3, 50, 2]
Exploring: [0, 0, 99, 700, 24, 1, 3, 502]
Exploring: [0, 0, 99, 700, 24, 1, 3, 52]
Exploring: [0, 0, 99, 700, 24, 1, 350, 2]
Exploring: [0, 0, 99, 700, 24, 1, 53, 2]
Exploring: [0, 0, 99, 700, 24, 13, 50, 2]
Exploring: [0, 0, 99, 700, 24, 13, 502]
Exploring: [0, 0, 99, 700, 24, 13, 52]
Exploring: [0, 0, 99, 700, 20, 4, 1, 3, 52]
Exploring: [0, 0, 99, 700, 20, 4, 1, 53, 2]
Exploring: [0, 0, 99, 700, 20, 4, 13, 52]
Exploring: [0, 0, 99, 700, 241, 3, 50, 2]
Exploring: [0, 0, 99, 700, 241, 3, 502]
Exploring: [0, 0, 99, 700, 241, 3, 52]
Exploring: [0, 0, 99, 700, 241, 350, 2]
Exploring: [0, 0, 99, 700, 241, 53, 2]
Exploring: [0, 0, 99, 700, 25, 3, 50, 2]
Exploring: [0, 0, 99, 700, 25, 3, 502]
Exploring: [0, 0, 99, 700, 25, 3, 52]
Exploring: [0, 0, 99, 700, 25, 350, 2]
Exploring: [0, 0, 99, 700, 25, 53, 2]
Exploring: [0, 0, 99, 724, 1, 3, 50, 2]
Exploring: [0, 0, 99, 724, 1, 3, 502]
Exploring: [0, 0, 99, 724, 1, 3, 52]
Exploring: [0, 0, 99, 724, 1, 350, 2]
Exploring: [0, 0, 99, 724, 1, 53, 2]
Exploring: [0, 0, 99, 724, 13, 50, 2]
Exploring: [0, 0, 99, 724, 13, 502]
Exploring: [0, 0, 99, 724, 13, 52]
Exploring: [0, 030, 69, 700, 25, 3, 52]
Exploring: [0, 030, 69, 700, 25, 53, 2]
Exploring: [0, 030, 69, 724, 1, 3, 50, 2]
Exploring: [0, 030, 69, 724, 1, 3, 502]
Exploring: [0, 030, 69, 724, 1, 3, 52]
Exploring: [0, 030, 69, 724, 1, 350, 2]
Exploring: [0, 030, 69, 724, 1, 53, 2]
Exploring: [0, 030, 69, 724, 13, 50, 2]
Exploring: [0, 030, 69, 724, 13, 502]
Exploring: [0, 030, 69, 724, 13, 52]
Exploring: [0, 030, 60, 9, 724, 1, 3, 52]
Exploring: [0, 030, 60, 9, 724, 1, 53, 2]
Exploring: [0, 030, 60, 9, 724, 13, 52]
Exploring: [0, 30, 69, 700, 24, 1, 3, 52]
Exploring: [0, 30, 69, 700, 24, 1, 53, 2]
Exploring: [0, 30, 69, 700, 24, 13, 52]
Exploring: [0, 30, 69, 700, 241, 3, 52]
Exploring: [0, 30, 69, 700, 241, 53, 2]
Exploring: [0, 30, 69, 700, 25, 3, 50, 2]
Exploring: [0, 30, 69, 700, 25, 3, 502]
Exploring: [0, 30, 69, 700, 25, 3, 52]
Exploring: [0, 30, 69, 700, 25, 350, 2]
Exploring: [0, 30, 69, 700, 25, 53, 2]
Exploring: [0, 30, 69, 724, 1, 3, 50, 2]
Exploring: [0, 30, 69, 724, 1, 3, 502]
Exploring: [0, 30, 69, 724, 1, 3, 52]
Exploring: [0, 30, 69, 724, 1, 350, 2]
Exploring: [0, 30, 69, 724, 1, 53, 2]
Exploring: [0, 30, 69, 724, 13, 50, 2]
Exploring: [0, 30, 69, 724, 13, 502]
Exploring: [0, 30, 69, 724, 13, 52]
Exploring: [0, 30, 60, 9, 700, 25, 3, 52]
Exploring: [0, 30, 60, 9, 700, 25, 53, 2]
Exploring: [0, 30, 60, 9, 724, 1, 3, 50, 2]
Exploring: [0, 30, 60, 9, 724, 1, 3, 502]
Exploring: [0, 30, 60, 9, 724, 1, 3, 52]
Exploring: [0, 30, 60, 9, 724, 1, 350, 2]
Exploring: [0, 30, 60, 9, 724, 1, 53, 2]
Exploring: [0, 30, 60, 9, 724, 13, 50, 2]
Exploring: [0, 30, 60, 9, 724, 13, 502]
Exploring: [0, 30, 60, 9, 724, 13, 52]
Exploring: [00, 30, 69, 700, 25, 3, 52]
Exploring: [00, 30, 69, 700, 25, 53, 2]
Exploring: [00, 30, 69, 724, 1, 3, 50, 2]
Exploring: [00, 30, 69, 724, 1, 3, 502]
Exploring: [00, 30, 69, 724, 1, 3, 52]
Exploring: [00, 30, 69, 724, 1, 350, 2]
Exploring: [00, 30, 69, 724, 1, 53, 2]
Exploring: [00, 30, 69, 724, 13, 50, 2]
Exploring: [00, 30, 69, 724, 13, 502]
Exploring: [00, 30, 69, 724, 13, 52]
Exploring: [00, 30, 60, 9, 724, 1, 3, 52]
Exploring: [00, 30, 60, 9, 724, 1, 53, 2]
Exploring: [00, 30, 60, 9, 724, 13, 52]
Exploring: [00, 99, 700, 24, 1, 3, 50, 2]
Exploring: [00, 99, 700, 24, 1, 3, 502]
Exploring: [00, 99, 700, 24, 1, 3, 52]
Exploring: [00, 99, 700, 24, 1, 350, 2]
Exploring: [00, 99, 700, 24, 1, 53, 2]
Exploring: [00, 99, 700, 24, 13, 50, 2]
Exploring: [00, 99, 700, 24, 13, 502]
Exploring: [00, 99, 700, 24, 13, 52]
Exploring: [00, 99, 700, 20, 4, 1, 3, 52]
Exploring: [00, 99, 700, 20, 4, 1, 53, 2]
Exploring: [00, 99, 700, 20, 4, 13, 52]
Exploring: [00, 99, 700, 241, 3, 50, 2]
Exploring: [00, 99, 700, 241, 3, 502]
Exploring: [00, 99, 700, 241, 3, 52]
Exploring: [00, 99, 700, 241, 350, 2]
Exploring: [00, 99, 700, 241, 53, 2]
Exploring: [00, 99, 700, 25, 3, 50, 2]
Exploring: [00, 99, 700, 25, 3, 502]
Exploring: [00, 99, 700, 25, 3, 52]
Exploring: [00, 99, 700, 25, 350, 2]
Exploring: [00, 99, 700, 25, 53, 2]
Exploring: [00, 99, 724, 1, 3, 50, 2]
Exploring: [00, 99, 724, 1, 3, 502]
Exploring: [00, 99, 724, 1, 3, 52]
Exploring: [00, 99, 724, 1, 350, 2]
Exploring: [00, 99, 724, 1, 53, 2]
Exploring: [00, 99, 724, 13, 50, 2]
Exploring: [00, 99, 724, 13, 502]
Exploring: [00, 99, 724, 13, 52]
Generated interpretations: [00306970025352, 00306970025532, 00306972413502, 0030697241352, 0030697241532, 00306097241352, 00306097241532, 00997002413502, 0099700241352, 0099700241532, 00997002041352, 00997002041532, 0099700253502, 009970025352, 009970025532, 009972413502, 00997241352, 00997241532, 03069700241352, 03069700241532, 03069700253502, 0306970025352, 0306970025532, 0306972413502, 030697241352, 030697241532, 03060970025352, 03060970025532, 03060972413502, 0306097241352, 0306097241532]
]]></system-out>
  </testcase>
</testsuite>